[lmpixels.com/demo/ourlove/our-love-responsive-wedding-template-cyan/index.html]
[backblue.gif]
[fade.gif]
[index.html]
[lmpixels.com/demo/ourlove/our-love-responsive-wedding-template-cyan/favicon.ico]
[lmpixels.com/demo/ourlove/our-love-responsive-wedding-template-cyan/css/bootstrap.css]
[lmpixels.com/demo/ourlove/our-love-responsive-wedding-template-cyan/css/normalize.css]
[lmpixels.com/demo/ourlove/our-love-responsive-wedding-template-cyan/css/owl.carousel.css]
[lmpixels.com/demo/ourlove/our-love-responsive-wedding-template-cyan/css/magnific-popup.css]
[lmpixels.com/demo/ourlove/our-love-responsive-wedding-template-cyan/css/animate.css]
[lmpixels.com/demo/ourlove/our-love-responsive-wedding-template-cyan/css/main.css]
[lmpixels.com/demo/ourlove/our-love-responsive-wedding-template-cyan/preview/lmpixels-demo-panel.css]
[lmpixels.com/demo/ourlove/our-love-responsive-wedding-template-cyan/js/jquery-1.12.4.min.js]
[lmpixels.com/demo/ourlove/our-love-responsive-wedding-template-cyan/js/modernizr.custom.js]
[lmpixels.com/demo/ourlove/our-love-responsive-wedding-template-cyan/images/main_photo_1.jpg]
[lmpixels.com/demo/ourlove/our-love-responsive-wedding-template-cyan/images/photo_1.jpg]
[lmpixels.com/demo/ourlove/our-love-responsive-wedding-template-cyan/images/heart_img.png]
[lmpixels.com/demo/ourlove/our-love-responsive-wedding-template-cyan/images/photo_2.jpg]
[lmpixels.com/demo/ourlove/our-love-responsive-wedding-template-cyan/images/story_photo_1.jpg]
[lmpixels.com/demo/ourlove/our-love-responsive-wedding-template-cyan/images/story_photo_2.jpg]
[lmpixels.com/demo/ourlove/our-love-responsive-wedding-template-cyan/images/story_photo_3.jpg]
[lmpixels.com/demo/ourlove/our-love-responsive-wedding-template-cyan/images/photo_the_ceremony.jpg]
[lmpixels.com/demo/ourlove/our-love-responsive-wedding-template-cyan/images/photo_the_party.jpg]
[lmpixels.com/demo/ourlove/our-love-responsive-wedding-template-cyan/images/gallery/gallery_photo_1.jpg]
[lmpixels.com/demo/ourlove/our-love-responsive-wedding-template-cyan/images/gallery/gallery_photo_2.jpg]
[lmpixels.com/demo/ourlove/our-love-responsive-wedding-template-cyan/images/gallery/gallery_photo_3.jpg]
[lmpixels.com/demo/ourlove/our-love-responsive-wedding-template-cyan/images/gallery/gallery_photo_4.jpg]
[lmpixels.com/demo/ourlove/our-love-responsive-wedding-template-cyan/images/gallery/gallery_photo_5.jpg]
[lmpixels.com/demo/ourlove/our-love-responsive-wedding-template-cyan/images/gallery/gallery_photo_6.jpg]
[lmpixels.com/demo/ourlove/our-love-responsive-wedding-template-cyan/images/gallery/gallery_photo_7.jpg]
[lmpixels.com/demo/ourlove/our-love-responsive-wedding-template-cyan/images/gallery/gallery_photo_8.jpg]
[lmpixels.com/demo/ourlove/our-love-responsive-wedding-template-cyan/images/gallery/gallery_photo_9.jpg]
[lmpixels.com/demo/ourlove/our-love-responsive-wedding-template-cyan/images/footer_photo.jpg]
[lmpixels.com/demo/ourlove/our-love-responsive-wedding-template-cyan/index-2.html]
[lmpixels.com/demo/ourlove/our-love-responsive-wedding-template-cyan/js/bootstrap.min.js]
[lmpixels.com/demo/ourlove/our-love-responsive-wedding-template-cyan/js/jquery.stellar.min.js]
[lmpixels.com/demo/ourlove/our-love-responsive-wedding-template-cyan/js/validator.js]
[lmpixels.com/demo/ourlove/our-love-responsive-wedding-template-cyan/js/owl.carousel.min.js]
[lmpixels.com/demo/ourlove/our-love-responsive-wedding-template-cyan/js/jquery.magnific-popup.min.js]
[lmpixels.com/demo/ourlove/our-love-responsive-wedding-template-cyan/js/jquery.countdown.js]
[lmpixels.com/demo/ourlove/our-love-responsive-wedding-template-cyan/js/jquery.malihu.PageScroll2id.min.js]
[lmpixels.com/demo/ourlove/our-love-responsive-wedding-template-cyan/js/main.js]
[lmpixels.com/demo/ourlove/our-love-responsive-wedding-template-cyan/index.html]
[lmpixels.com/demo/ourlove/our-love-responsive-wedding-template-cyan/preview/lmpixels-demo-panel.js]
[lmpixels.com/demo/ourlove/our-love-responsive-wedding-template-cyan/css/bootstrap.css]
[lmpixels.com/demo/ourlove/our-love-responsive-wedding-template-cyan/css/normalize.css]
[lmpixels.com/demo/ourlove/our-love-responsive-wedding-template-cyan/css/owl.carousel.css]
[lmpixels.com/demo/ourlove/our-love-responsive-wedding-template-cyan/css/magnific-popup.css]
[lmpixels.com/demo/ourlove/our-love-responsive-wedding-template-cyan/css/animate.css]
[lmpixels.com/demo/ourlove/our-love-responsive-wedding-template-cyan/css/pe-icon-7-stroke.css]
[lmpixels.com/demo/ourlove/our-love-responsive-wedding-template-cyan/css/font-awesome.css]
[lmpixels.com/demo/ourlove/our-love-responsive-wedding-template-cyan/css/main.css]
[lmpixels.com/demo/ourlove/our-love-responsive-wedding-template-cyan/preview/lmpixels-demo-panel.css]
[lmpixels.com/demo/ourlove/our-love-responsive-wedding-template-cyan/index-2.html]
[lmpixels.com/demo/ourlove/our-love-responsive-wedding-template-cyan/images/heart_img_story.png]
[lmpixels.com/demo/ourlove/our-love-responsive-wedding-template-cyan/fonts/Pe-icon-7-strokebb1d.eot]
[lmpixels.com/demo/ourlove/our-love-responsive-wedding-template-cyan/fonts/Pe-icon-7-stroked41d.eot]
[lmpixels.com/demo/ourlove/our-love-responsive-wedding-template-cyan/fonts/Pe-icon-7-strokebb1d.woff]
[lmpixels.com/demo/ourlove/our-love-responsive-wedding-template-cyan/fonts/Pe-icon-7-strokebb1d.ttf]
[lmpixels.com/demo/ourlove/our-love-responsive-wedding-template-cyan/css/pe-icon-7-stroke.css]
[lmpixels.com/demo/ourlove/our-love-responsive-wedding-template-cyan/fonts/Pe-icon-7-strokebb1d.svg]
[lmpixels.com/demo/ourlove/our-love-responsive-wedding-template-cyan/fonts/fontawesome-webfont3e6e.eot]
[lmpixels.com/demo/ourlove/our-love-responsive-wedding-template-cyan/fonts/fontawesome-webfontd41d.eot]
[lmpixels.com/demo/ourlove/our-love-responsive-wedding-template-cyan/fonts/fontawesome-webfont3e6e.woff2]
[lmpixels.com/demo/ourlove/our-love-responsive-wedding-template-cyan/fonts/fontawesome-webfont3e6e.woff]
[lmpixels.com/demo/ourlove/our-love-responsive-wedding-template-cyan/fonts/fontawesome-webfont3e6e.ttf]
[lmpixels.com/demo/ourlove/our-love-responsive-wedding-template-cyan/css/font-awesome.css]
[lmpixels.com/demo/ourlove/our-love-responsive-wedding-template-cyan/fonts/Pe-icon-7-strokebb1d.svg]
[lmpixels.com/demo/ourlove/our-love-responsive-wedding-template-cyan/fonts/fontawesome-webfont3e6e.svg]
[lmpixels.com/demo/ourlove/our-love-responsive-wedding-template-cyan/fonts/fontawesome-webfont3e6e.svg]
